[debug] [2024-04-15T09:48:37.006Z] ----------------------------------------------------------------------
[debug] [2024-04-15T09:48:37.009Z] Command:       C:\Program Files\nodejs\node.exe C:\Users\SADIKI\AppData\Roaming\npm\node_modules\firebase-tools\lib\bin\firebase.js emulators:start
[debug] [2024-04-15T09:48:37.010Z] CLI Version:   13.7.1
[debug] [2024-04-15T09:48:37.010Z] Platform:      win32
[debug] [2024-04-15T09:48:37.011Z] Node Version:  v20.11.0
[debug] [2024-04-15T09:48:37.011Z] Time:          Mon Apr 15 2024 11:48:37 GMT+0200 (South Africa Standard Time)
[debug] [2024-04-15T09:48:37.011Z] ----------------------------------------------------------------------
[debug] 
[debug] [2024-04-15T09:48:37.213Z] > command requires scopes: ["email","openid","https://www.googleapis.com/auth/cloudplatformprojects.readonly","https://www.googleapis.com/auth/firebase","https://www.googleapis.com/auth/cloud-platform"]
[debug] [2024-04-15T09:48:37.214Z] > authorizing via signed-in user (dakalosadiki98@gmail.com)
[info] i  emulators: Starting emulators: functions {"metadata":{"emulator":{"name":"hub"},"message":"Starting emulators: functions"}}
[debug] [2024-04-15T09:48:37.231Z] [logging] Logging Emulator only supports listening on one address (127.0.0.1). Not listening on ::1
[debug] [2024-04-15T09:48:37.232Z] assigned listening specs for emulators {"user":{"hub":[{"address":"127.0.0.1","family":"IPv4","port":4400},{"address":"::1","family":"IPv6","port":4400}],"ui":[{"address":"127.0.0.1","family":"IPv4","port":4000},{"address":"::1","family":"IPv6","port":4000}],"logging":[{"address":"127.0.0.1","family":"IPv4","port":4500}]},"metadata":{"message":"assigned listening specs for emulators"}}
[warn] !  emulators: It seems that you are running multiple instances of the emulator suite for project clone-add08. This may result in unexpected behavior. 
[debug] [2024-04-15T09:48:37.248Z] [hub] writing locator at C:\Users\SADIKI\AppData\Local\Temp\hub-clone-add08.json
[debug] [2024-04-15T09:48:37.280Z] [functions] Functions Emulator only supports listening on one address (127.0.0.1). Not listening on ::1
[debug] [2024-04-15T09:48:37.281Z] [eventarc] Eventarc Emulator only supports listening on one address (127.0.0.1). Not listening on ::1
[debug] [2024-04-15T09:48:37.290Z] late-assigned ports for functions and eventarc emulators {"user":{"hub":[{"address":"127.0.0.1","family":"IPv4","port":4400},{"address":"::1","family":"IPv6","port":4400}],"ui":[{"address":"127.0.0.1","family":"IPv4","port":4000},{"address":"::1","family":"IPv6","port":4000}],"logging":[{"address":"127.0.0.1","family":"IPv4","port":4500}],"functions":[{"address":"127.0.0.1","family":"IPv4","port":5001}],"eventarc":[{"address":"127.0.0.1","family":"IPv4","port":9299}]},"metadata":{"message":"late-assigned ports for functions and eventarc emulators"}}
[warn] !  functions: The following emulators are not running, calls to these services from the Functions emulator will affect production: auth, firestore, database, hosting, pubsub, storage {"metadata":{"emulator":{"name":"functions"},"message":"The following emulators are not running, calls to these services from the Functions emulator will affect production: \u001b[1mauth, firestore, database, hosting, pubsub, storage\u001b[22m"}}
[debug] [2024-04-15T09:48:37.302Z] defaultcredentials: writing to file C:\Users\SADIKI\AppData\Roaming\firebase\dakalosadiki98_gmail_com_application_default_credentials.json
[debug] [2024-04-15T09:48:37.323Z] Setting GAC to C:\Users\SADIKI\AppData\Roaming\firebase\dakalosadiki98_gmail_com_application_default_credentials.json {"metadata":{"emulator":{"name":"functions"},"message":"Setting GAC to C:\\Users\\SADIKI\\AppData\\Roaming\\firebase\\dakalosadiki98_gmail_com_application_default_credentials.json"}}
[debug] [2024-04-15T09:48:37.325Z] > refreshing access token with scopes: []
[debug] [2024-04-15T09:48:37.327Z] >>> [apiv2][query] POST https://www.googleapis.com/oauth2/v3/token [none]
[debug] [2024-04-15T09:48:37.328Z] >>> [apiv2][body] POST https://www.googleapis.com/oauth2/v3/token [omitted]
[debug] [2024-04-15T09:48:37.866Z] <<< [apiv2][status] POST https://www.googleapis.com/oauth2/v3/token 200
[debug] [2024-04-15T09:48:37.866Z] <<< [apiv2][body] POST https://www.googleapis.com/oauth2/v3/token [omitted]
[debug] [2024-04-15T09:48:37.876Z] >>> [apiv2][query] GET https://firebase.googleapis.com/v1beta1/projects/clone-add08/adminSdkConfig [none]
[debug] [2024-04-15T09:48:38.733Z] <<< [apiv2][status] GET https://firebase.googleapis.com/v1beta1/projects/clone-add08/adminSdkConfig 200
[debug] [2024-04-15T09:48:38.734Z] <<< [apiv2][body] GET https://firebase.googleapis.com/v1beta1/projects/clone-add08/adminSdkConfig {"projectId":"clone-add08","storageBucket":"clone-add08.appspot.com"}
[debug] [2024-04-15T09:48:38.774Z] Ignoring unsupported arg: auto_download {"metadata":{"emulator":{"name":"ui"},"message":"Ignoring unsupported arg: auto_download"}}
[debug] [2024-04-15T09:48:38.774Z] Ignoring unsupported arg: port {"metadata":{"emulator":{"name":"ui"},"message":"Ignoring unsupported arg: port"}}
[debug] [2024-04-15T09:48:38.775Z] Starting Emulator UI with command {"binary":"node","args":["C:\\Users\\SADIKI\\.cache\\firebase\\emulators\\ui-v1.11.8\\server\\server.mjs"],"optionalArgs":[],"joinArgs":false} {"metadata":{"emulator":{"name":"ui"},"message":"Starting Emulator UI with command {\"binary\":\"node\",\"args\":[\"C:\\\\Users\\\\SADIKI\\\\.cache\\\\firebase\\\\emulators\\\\ui-v1.11.8\\\\server\\\\server.mjs\"],\"optionalArgs\":[],\"joinArgs\":false}"}}
[info] i  ui: Emulator UI logging to ui-debug.log {"metadata":{"emulator":{"name":"ui"},"message":"Emulator UI logging to \u001b[1mui-debug.log\u001b[22m"}}
[debug] [2024-04-15T09:48:39.056Z] Web / API server started at 127.0.0.1:4000
 {"metadata":{"emulator":{"name":"ui"},"message":"Web / API server started at 127.0.0.1:4000\n"}}
[debug] [2024-04-15T09:48:39.057Z] Web / API server started at ::1:4000
 {"metadata":{"emulator":{"name":"ui"},"message":"Web / API server started at ::1:4000\n"}}
[info] i  functions: Watching "C:\Users\SADIKI\OneDrive\Desktop\zaio projects\amazon-apps\functions" for Cloud Functions... {"metadata":{"emulator":{"name":"functions"},"message":"Watching \"C:\\Users\\SADIKI\\OneDrive\\Desktop\\zaio projects\\amazon-apps\\functions\" for Cloud Functions..."}}
[debug] [2024-04-15T09:48:39.066Z] Validating nodejs source
[debug] [2024-04-15T09:48:42.750Z] > [functions] package.json contents: {
  "name": "functions",
  "description": "Cloud Functions for Firebase",
  "scripts": {
    "lint": "eslint .",
    "serve": "firebase emulators:start --only functions",
    "shell": "firebase functions:shell",
    "start": "npm run shell",
    "deploy": "firebase deploy --only functions",
    "logs": "firebase functions:log"
  },
  "engines": {
    "node": "18"
  },
  "main": "index.js",
  "dependencies": {
    "cors": "^2.8.5",
    "express": "^4.19.2",
    "firebase-admin": "^11.8.0",
    "firebase-functions": "^4.3.1",
    "stripe": "^15.1.0"
  },
  "devDependencies": {
    "eslint": "^8.15.0",
    "eslint-config-google": "^0.14.0",
    "firebase-functions-test": "^3.1.0"
  },
  "private": true
}
[debug] [2024-04-15T09:48:42.750Z] Building nodejs source
[debug] [2024-04-15T09:48:42.751Z] Failed to find version of module node: reached end of search path C:\Users\SADIKI\OneDrive\Desktop\zaio projects\amazon-apps\functions\node_modules
[warn] !  functions: Your requested "node" version "18" doesn't match your global version "20". Using node@20 from host. 
[debug] [2024-04-15T09:48:42.754Z] Could not find functions.yaml. Must use http discovery
[debug] [2024-04-15T09:48:42.764Z] Found firebase-functions binary at 'C:\Users\SADIKI\OneDrive\Desktop\zaio projects\amazon-apps\functions\node_modules\.bin\firebase-functions'
[info] Serving at port 8912

[error] Error: Cannot find module 'firebase-function'
Require stack:
- C:\Users\SADIKI\OneDrive\Desktop\zaio projects\amazon-apps\functions\index.js
- C:\Users\SADIKI\OneDrive\Desktop\zaio projects\amazon-apps\functions\node_modules\firebase-functions\lib\runtime\loader.js
- C:\Users\SADIKI\OneDrive\Desktop\zaio projects\amazon-apps\functions\node_modules\firebase-functions\lib\bin\firebase-functions.js
    at Module._resolveFilename (node:internal/modules/cjs/loader:1144:15)
    at Module._load (node:internal/modules/cjs/loader:985:27)
    at Module.require (node:internal/modules/cjs/loader:1235:19)
    at require (node:internal/modules/helpers:176:18)
    at Object.<anonymous> (C:\Users\SADIKI\OneDrive\Desktop\zaio projects\amazon-apps\functions\index.js:1:19)
    at Module._compile (node:internal/modules/cjs/loader:1376:14)
    at Module._extensions..js (node:internal/modules/cjs/loader:1435:10)
    at Module.load (node:internal/modules/cjs/loader:1207:32)
    at Module._load (node:internal/modules/cjs/loader:1023:12)
    at Module.require (node:internal/modules/cjs/loader:1235:19) {
  code: 'MODULE_NOT_FOUND',
  requireStack: [
    'C:\\Users\\SADIKI\\OneDrive\\Desktop\\zaio projects\\amazon-apps\\functions\\index.js',
    'C:\\Users\\SADIKI\\OneDrive\\Desktop\\zaio projects\\amazon-apps\\functions\\node_modules\\firebase-functions\\lib\\runtime\\loader.js',
    'C:\\Users\\SADIKI\\OneDrive\\Desktop\\zaio projects\\amazon-apps\\functions\\node_modules\\firebase-functions\\lib\\bin\\firebase-functions.js'
  ]
}

[debug] [2024-04-15T09:48:43.421Z] Got response code 400; body Failed to generate manifest from function source: Error: Cannot find module 'firebase-function'
Require stack:
- C:\Users\SADIKI\OneDrive\Desktop\zaio projects\amazon-apps\functions\index.js
- C:\Users\SADIKI\OneDrive\Desktop\zaio projects\amazon-apps\functions\node_modules\firebase-functions\lib\runtime\loader.js
- C:\Users\SADIKI\OneDrive\Desktop\zaio projects\amazon-apps\functions\node_modules\firebase-functions\lib\bin\firebase-functions.js
[error] !!  functions: Failed to load function definition from source: FirebaseError: Functions codebase could not be analyzed successfully. It may have a syntax or runtime error {"metadata":{"emulator":{"name":"functions"},"message":"Failed to load function definition from source: FirebaseError: Functions codebase could not be analyzed successfully. It may have a syntax or runtime error"}}
[info] 
┌─────────────────────────────────────────────────────────────┐
│ ✔  All emulators ready! It is now safe to connect your app. │
│ i  View Emulator UI at http://127.0.0.1:4000/               │
└─────────────────────────────────────────────────────────────┘

┌───────────┬────────────────┬─────────────────────────────────┐
│ Emulator  │ Host:Port      │ View in Emulator UI             │
├───────────┼────────────────┼─────────────────────────────────┤
│ Functions │ 127.0.0.1:5001 │ http://127.0.0.1:4000/functions │
└───────────┴────────────────┴─────────────────────────────────┘
  Emulator Hub running at 127.0.0.1:4400
  Other reserved ports: 4500

Issues? Report them at https://github.com/firebase/firebase-tools/issues and attach the *-debug.log files.
 
